0 info it worked if it ends with ok
1 verbose cli [ '/Users/gonlliuk/.nvm/versions/node/v7.1.0/bin/node',
1 verbose cli   '/Users/gonlliuk/.nvm/versions/node/v7.1.0/bin/npm',
1 verbose cli   'i',
1 verbose cli   '-g',
1 verbose cli   'firebase-tools' ]
2 info using npm@3.10.9
3 info using node@v7.1.0
4 silly loadCurrentTree Starting
5 silly install loadCurrentTree
6 silly install readGlobalPackageData
7 silly fetchPackageMetaData firebase-tools
8 silly fetchNamedPackageData firebase-tools
9 silly mapToRegistry name firebase-tools
10 silly mapToRegistry using default registry
11 silly mapToRegistry registry https://npm.itmh.ru/
12 silly mapToRegistry data Result {
12 silly mapToRegistry   raw: 'firebase-tools',
12 silly mapToRegistry   scope: null,
12 silly mapToRegistry   escapedName: 'firebase-tools',
12 silly mapToRegistry   name: 'firebase-tools',
12 silly mapToRegistry   rawSpec: '',
12 silly mapToRegistry   spec: 'latest',
12 silly mapToRegistry   type: 'tag' }
13 silly mapToRegistry uri https://npm.itmh.ru/firebase-tools
14 verbose request uri https://npm.itmh.ru/firebase-tools
15 verbose request no auth needed
16 info attempt registry request try #1 at 19:12:32
17 verbose request id d793f3739c475898
18 http request GET https://npm.itmh.ru/firebase-tools
19 info retry will retry, error on last attempt: Error: connect ENETUNREACH 172.16.3.111:443
20 info attempt registry request try #2 at 19:12:49
21 http request GET https://npm.itmh.ru/firebase-tools
22 info retry will retry, error on last attempt: Error: connect ENETUNREACH 172.16.3.111:443
23 info attempt registry request try #3 at 19:13:55
24 http request GET https://npm.itmh.ru/firebase-tools
25 silly fetchPackageMetaData Error: connect ENETUNREACH 172.16.3.111:443
25 silly fetchPackageMetaData     at Object.exports._errnoException (util.js:1022:11)
25 silly fetchPackageMetaData     at exports._exceptionWithHostPort (util.js:1045:20)
25 silly fetchPackageMetaData     at TCPConnectWrap.afterConnect [as oncomplete] (net.js:1090:14)
25 silly fetchPackageMetaData  error for firebase-tools { Error: connect ENETUNREACH 172.16.3.111:443
25 silly fetchPackageMetaData     at Object.exports._errnoException (util.js:1022:11)
25 silly fetchPackageMetaData     at exports._exceptionWithHostPort (util.js:1045:20)
25 silly fetchPackageMetaData     at TCPConnectWrap.afterConnect [as oncomplete] (net.js:1090:14)
25 silly fetchPackageMetaData   code: 'ENETUNREACH',
25 silly fetchPackageMetaData   errno: 'ENETUNREACH',
25 silly fetchPackageMetaData   syscall: 'connect',
25 silly fetchPackageMetaData   address: '172.16.3.111',
25 silly fetchPackageMetaData   port: 443 }
26 silly rollbackFailedOptional Starting
27 silly rollbackFailedOptional Finishing
28 silly runTopLevelLifecycles Finishing
29 silly install printInstalled
30 verbose stack Error: connect ENETUNREACH 172.16.3.111:443
30 verbose stack     at Object.exports._errnoException (util.js:1022:11)
30 verbose stack     at exports._exceptionWithHostPort (util.js:1045:20)
30 verbose stack     at TCPConnectWrap.afterConnect [as oncomplete] (net.js:1090:14)
31 verbose cwd /Users/gonlliuk/WebstormProjects/Planner
32 error Darwin 16.4.0
33 error argv "/Users/gonlliuk/.nvm/versions/node/v7.1.0/bin/node" "/Users/gonlliuk/.nvm/versions/node/v7.1.0/bin/npm" "i" "-g" "firebase-tools"
34 error node v7.1.0
35 error npm  v3.10.9
36 error code ENETUNREACH
37 error errno ENETUNREACH
38 error syscall connect
39 error connect ENETUNREACH 172.16.3.111:443
40 error If you need help, you may report this error at:
40 error     <https://github.com/npm/npm/issues>
41 verbose exit [ 1, true ]
